{"/Users/Tess/alchemy/career-track/week-04/ripe-bananas-lab/lib/models/Studio.js": {"path":"/Users/Tess/alchemy/career-track/week-04/ripe-bananas-lab/lib/models/Studio.js","statementMap":{"0":{"start":{"line":1,"column":17},"end":{"line":1,"column":36}},"1":{"start":{"line":3,"column":15},"end":{"line":17,"column":2}},"2":{"start":{"line":19,"column":0},"end":{"line":19,"column":50}}},"fnMap":{},"branchMap":{},"s":{"0":1,"1":1,"2":1},"f":{},"b":{},"_coverageSchema":"43e27e138ebf9cfc5966b082cf9a028302ed4184","hash":"f2956288a351d40375bc0ff63e5e6cb6ae3a931c"}
}
